2025-11-11 19:08:41,849 INFO    MainThread:468852 [internal.py:wandb_internal():92] W&B internal server running at pid: 468852, started at: 2025-11-11 19:08:41.849220
2025-11-11 19:08:41,850 INFO    WriterThread:468852 [datastore.py:open_for_write():77] open: ../models/linear_regression_sweep_1/d2c706b7-8925-46a0-97b9-d504282d9d96/wandb/run-20251111_190841-u3o7ci5l/run-u3o7ci5l.wandb
2025-11-11 19:08:41,850 DEBUG   SenderThread:468852 [sender.py:send():235] send: header
2025-11-11 19:08:41,850 DEBUG   SenderThread:468852 [sender.py:send():235] send: run
2025-11-11 19:08:41,852 INFO    SenderThread:468852 [sender.py:_maybe_setup_resume():492] checking resume status for dagnystreit-university-of-california-berkeley/in-context-learning-icl/u3o7ci5l
2025-11-11 19:08:42,024 ERROR   SenderThread:468852 [internal_api.py:execute():143] 403 response executing GraphQL.
2025-11-11 19:08:42,024 ERROR   SenderThread:468852 [internal_api.py:execute():144] {"errors":[{"message":"permission denied","path":["upsertBucket"],"extensions":{"code":"PERMISSION_ERROR"}}],"data":{"upsertBucket":null}}
2025-11-11 19:08:42,850 INFO    HandlerThread:468852 [handler.py:finish():778] shutting down handler
2025-11-11 19:08:42,850 INFO    WriterThread:468852 [datastore.py:close():281] close: ../models/linear_regression_sweep_1/d2c706b7-8925-46a0-97b9-d504282d9d96/wandb/run-20251111_190841-u3o7ci5l/run-u3o7ci5l.wandb
2025-11-11 19:08:42,850 ERROR   MainThread:468852 [internal.py:wandb_internal():167] Thread SenderThread:
Traceback (most recent call last):
  File "/home/marcel/hanna/CS182_Project/.venv/lib/python3.10/site-packages/wandb/sdk/lib/retry.py", line 102, in __call__
    result = self._call_fn(*args, **kwargs)
  File "/home/marcel/hanna/CS182_Project/.venv/lib/python3.10/site-packages/wandb/sdk/internal/internal_api.py", line 146, in execute
    six.reraise(*sys.exc_info())
  File "/home/marcel/hanna/CS182_Project/.venv/lib/python3.10/site-packages/six.py", line 724, in reraise
    raise value
  File "/home/marcel/hanna/CS182_Project/.venv/lib/python3.10/site-packages/wandb/sdk/internal/internal_api.py", line 140, in execute
    return self.client.execute(*args, **kwargs)
  File "/home/marcel/hanna/CS182_Project/.venv/lib/python3.10/site-packages/wandb/vendor/gql-0.2.0/wandb_gql/client.py", line 52, in execute
    result = self._get_result(document, *args, **kwargs)
  File "/home/marcel/hanna/CS182_Project/.venv/lib/python3.10/site-packages/wandb/vendor/gql-0.2.0/wandb_gql/client.py", line 60, in _get_result
    return self.transport.execute(document, *args, **kwargs)
  File "/home/marcel/hanna/CS182_Project/.venv/lib/python3.10/site-packages/wandb/vendor/gql-0.2.0/wandb_gql/transport/requests.py", line 39, in execute
    request.raise_for_status()
  File "/home/marcel/hanna/CS182_Project/.venv/lib/python3.10/site-packages/requests/models.py", line 1026, in raise_for_status
    raise HTTPError(http_error_msg, response=self)
requests.exceptions.HTTPError: 403 Client Error: Forbidden for url: https://api.wandb.ai/graphql

During handling of the above exception, another exception occurred:

Traceback (most recent call last):
  File "/home/marcel/hanna/CS182_Project/.venv/lib/python3.10/site-packages/wandb/apis/normalize.py", line 24, in wrapper
    return func(*args, **kwargs)
  File "/home/marcel/hanna/CS182_Project/.venv/lib/python3.10/site-packages/wandb/sdk/internal/internal_api.py", line 1296, in upsert_run
    response = self.gql(mutation, variable_values=variable_values, **kwargs)
  File "/home/marcel/hanna/CS182_Project/.venv/lib/python3.10/site-packages/wandb/sdk/lib/retry.py", line 118, in __call__
    if not check_retry_fn(e):
  File "/home/marcel/hanna/CS182_Project/.venv/lib/python3.10/site-packages/wandb/util.py", line 872, in no_retry_auth
    raise CommError("Permission denied, ask the project owner to grant you access")
wandb.errors.CommError: Permission denied, ask the project owner to grant you access

During handling of the above exception, another exception occurred:

Traceback (most recent call last):
  File "/home/marcel/hanna/CS182_Project/.venv/lib/python3.10/site-packages/wandb/sdk/internal/internal_util.py", line 54, in run
    self._run()
  File "/home/marcel/hanna/CS182_Project/.venv/lib/python3.10/site-packages/wandb/sdk/internal/internal_util.py", line 105, in _run
    self._process(record)
  File "/home/marcel/hanna/CS182_Project/.venv/lib/python3.10/site-packages/wandb/sdk/internal/internal.py", line 312, in _process
    self._sm.send(record)
  File "/home/marcel/hanna/CS182_Project/.venv/lib/python3.10/site-packages/wandb/sdk/internal/sender.py", line 237, in send
    send_handler(record)
  File "/home/marcel/hanna/CS182_Project/.venv/lib/python3.10/site-packages/wandb/sdk/internal/sender.py", line 695, in send_run
    self._init_run(run, config_value_dict)
  File "/home/marcel/hanna/CS182_Project/.venv/lib/python3.10/site-packages/wandb/sdk/internal/sender.py", line 719, in _init_run
    server_run, inserted = self._api.upsert_run(
  File "/home/marcel/hanna/CS182_Project/.venv/lib/python3.10/site-packages/wandb/apis/normalize.py", line 62, in wrapper
    six.reraise(CommError, CommError(message, err), sys.exc_info()[2])
  File "/home/marcel/hanna/CS182_Project/.venv/lib/python3.10/site-packages/six.py", line 723, in reraise
    raise value.with_traceback(tb)
  File "/home/marcel/hanna/CS182_Project/.venv/lib/python3.10/site-packages/wandb/apis/normalize.py", line 24, in wrapper
    return func(*args, **kwargs)
  File "/home/marcel/hanna/CS182_Project/.venv/lib/python3.10/site-packages/wandb/sdk/internal/internal_api.py", line 1296, in upsert_run
    response = self.gql(mutation, variable_values=variable_values, **kwargs)
  File "/home/marcel/hanna/CS182_Project/.venv/lib/python3.10/site-packages/wandb/sdk/lib/retry.py", line 118, in __call__
    if not check_retry_fn(e):
  File "/home/marcel/hanna/CS182_Project/.venv/lib/python3.10/site-packages/wandb/util.py", line 872, in no_retry_auth
    raise CommError("Permission denied, ask the project owner to grant you access")
wandb.errors.CommError: Permission denied, ask the project owner to grant you access
2025-11-11 19:08:43,504 INFO    MainThread:468852 [internal.py:handle_exit():82] Internal process exited
